  main.cpp
c:\users\anthony\source\repos\assignment2\assignment2\main.cpp(38): warning C4305: 'initializing': truncation from 'double' to 'GLfloat'
c:\users\anthony\source\repos\assignment2\assignment2\main.cpp(39): warning C4305: 'initializing': truncation from 'double' to 'GLfloat'
c:\users\anthony\source\repos\assignment2\assignment2\main.cpp(40): warning C4305: 'initializing': truncation from 'double' to 'GLfloat'
c:\users\anthony\source\repos\assignment2\assignment2\main.cpp(175): warning C4244: 'argument': conversion from 'GLdouble' to 'GLfloat', possible loss of data
c:\users\anthony\source\repos\assignment2\assignment2\main.cpp(186): warning C4244: 'argument': conversion from 'GLdouble' to 'GLfloat', possible loss of data
c:\users\anthony\source\repos\assignment2\assignment2\main.cpp(193): warning C4244: 'argument': conversion from 'GLdouble' to 'GLfloat', possible loss of data
c:\users\anthony\source\repos\assignment2\assignment2\main.cpp(201): warning C4244: 'argument': conversion from 'GLdouble' to 'GLfloat', possible loss of data
c:\users\anthony\source\repos\assignment2\assignment2\main.cpp(351): warning C4101: 'worldViewableHeight': unreferenced local variable
c:\users\anthony\source\repos\assignment2\assignment2\main.cpp(350): warning C4101: 'worldViewableWidth': unreferenced local variable
c:\users\anthony\source\repos\assignment2\assignment2\main.cpp(415): warning C4101: 'i': unreferenced local variable
c:\users\anthony\source\repos\assignment2\assignment2\main.cpp(775): warning C4244: 'argument': conversion from 'GLdouble' to 'GLfloat', possible loss of data
c:\users\anthony\source\repos\assignment2\assignment2\main.cpp(791): warning C4805: '==': unsafe mix of type 'boolean' and type 'bool' in operation
c:\users\anthony\source\repos\assignment2\assignment2\main.cpp(803): warning C4244: 'argument': conversion from 'GLdouble' to 'GLfloat', possible loss of data
c:\users\anthony\source\repos\assignment2\assignment2\main.cpp(804): warning C4244: 'argument': conversion from 'GLdouble' to 'GLfloat', possible loss of data
c:\users\anthony\source\repos\assignment2\assignment2\main.cpp(806): warning C4244: 'argument': conversion from 'GLdouble' to 'GLfloat', possible loss of data
c:\users\anthony\source\repos\assignment2\assignment2\main.cpp(807): warning C4244: 'argument': conversion from 'GLdouble' to 'GLfloat', possible loss of data
c:\users\anthony\source\repos\assignment2\assignment2\main.cpp(809): warning C4244: 'argument': conversion from 'GLdouble' to 'GLfloat', possible loss of data
c:\users\anthony\source\repos\assignment2\assignment2\main.cpp(810): warning C4244: 'argument': conversion from 'GLdouble' to 'GLfloat', possible loss of data
c:\users\anthony\source\repos\assignment2\assignment2\main.cpp(812): warning C4244: 'argument': conversion from 'GLdouble' to 'GLfloat', possible loss of data
c:\users\anthony\source\repos\assignment2\assignment2\main.cpp(813): warning C4244: 'argument': conversion from 'GLdouble' to 'GLfloat', possible loss of data
c:\users\anthony\source\repos\assignment2\assignment2\main.cpp(836): warning C4244: 'argument': conversion from 'double' to 'GLfloat', possible loss of data
c:\users\anthony\source\repos\assignment2\assignment2\main.cpp(836): warning C4244: 'argument': conversion from 'GLdouble' to 'GLfloat', possible loss of data
c:\users\anthony\source\repos\assignment2\assignment2\main.cpp(849): warning C4244: 'argument': conversion from 'double' to 'GLfloat', possible loss of data
c:\users\anthony\source\repos\assignment2\assignment2\main.cpp(858): warning C4244: 'argument': conversion from 'double' to 'GLfloat', possible loss of data
c:\users\anthony\source\repos\assignment2\assignment2\main.cpp(859): warning C4244: 'argument': conversion from 'double' to 'GLfloat', possible loss of data
  Assignment2.vcxproj -> C:\Users\Anthony\source\repos\Assignment2\Debug\Assignment2.exe
          1 file(s) copied.
