  main.cpp
C:\Users\Anthony\Desktop\Ryerson Semester 5\CPS511 Computer Graphics\Assignment 2\Assignment2\Assignment2\main.cpp(38,52): warning C4305: 'initializing': truncation from 'double' to 'GLfloat'
C:\Users\Anthony\Desktop\Ryerson Semester 5\CPS511 Computer Graphics\Assignment 2\Assignment2\Assignment2\main.cpp(39,56): warning C4305: 'initializing': truncation from 'double' to 'GLfloat'
C:\Users\Anthony\Desktop\Ryerson Semester 5\CPS511 Computer Graphics\Assignment 2\Assignment2\Assignment2\main.cpp(40,52): warning C4305: 'initializing': truncation from 'double' to 'GLfloat'
C:\Users\Anthony\Desktop\Ryerson Semester 5\CPS511 Computer Graphics\Assignment 2\Assignment2\Assignment2\main.cpp(175,64): warning C4244: 'argument': conversion from 'GLdouble' to 'GLfloat', possible loss of data
C:\Users\Anthony\Desktop\Ryerson Semester 5\CPS511 Computer Graphics\Assignment 2\Assignment2\Assignment2\main.cpp(175,37): warning C4244: 'argument': conversion from 'GLdouble' to 'GLfloat', possible loss of data
C:\Users\Anthony\Desktop\Ryerson Semester 5\CPS511 Computer Graphics\Assignment 2\Assignment2\Assignment2\main.cpp(186,66): warning C4244: 'argument': conversion from 'GLdouble' to 'GLfloat', possible loss of data
C:\Users\Anthony\Desktop\Ryerson Semester 5\CPS511 Computer Graphics\Assignment 2\Assignment2\Assignment2\main.cpp(186,39): warning C4244: 'argument': conversion from 'GLdouble' to 'GLfloat', possible loss of data
C:\Users\Anthony\Desktop\Ryerson Semester 5\CPS511 Computer Graphics\Assignment 2\Assignment2\Assignment2\main.cpp(193,72): warning C4244: 'argument': conversion from 'GLdouble' to 'GLfloat', possible loss of data
C:\Users\Anthony\Desktop\Ryerson Semester 5\CPS511 Computer Graphics\Assignment 2\Assignment2\Assignment2\main.cpp(193,42): warning C4244: 'argument': conversion from 'GLdouble' to 'GLfloat', possible loss of data
C:\Users\Anthony\Desktop\Ryerson Semester 5\CPS511 Computer Graphics\Assignment 2\Assignment2\Assignment2\main.cpp(201,71): warning C4244: 'argument': conversion from 'GLdouble' to 'GLfloat', possible loss of data
C:\Users\Anthony\Desktop\Ryerson Semester 5\CPS511 Computer Graphics\Assignment 2\Assignment2\Assignment2\main.cpp(201,41): warning C4244: 'argument': conversion from 'GLdouble' to 'GLfloat', possible loss of data
C:\Users\Anthony\Desktop\Ryerson Semester 5\CPS511 Computer Graphics\Assignment 2\Assignment2\Assignment2\main.cpp(351,11): warning C4101: 'worldViewableHeight': unreferenced local variable
C:\Users\Anthony\Desktop\Ryerson Semester 5\CPS511 Computer Graphics\Assignment 2\Assignment2\Assignment2\main.cpp(350,11): warning C4101: 'worldViewableWidth': unreferenced local variable
C:\Users\Anthony\Desktop\Ryerson Semester 5\CPS511 Computer Graphics\Assignment 2\Assignment2\Assignment2\main.cpp(415,6): warning C4101: 'i': unreferenced local variable
C:\Users\Anthony\Desktop\Ryerson Semester 5\CPS511 Computer Graphics\Assignment 2\Assignment2\Assignment2\main.cpp(775,26): warning C4244: 'argument': conversion from 'GLdouble' to 'GLfloat', possible loss of data
C:\Users\Anthony\Desktop\Ryerson Semester 5\CPS511 Computer Graphics\Assignment 2\Assignment2\Assignment2\main.cpp(775,21): warning C4244: 'argument': conversion from 'GLdouble' to 'GLfloat', possible loss of data
C:\Users\Anthony\Desktop\Ryerson Semester 5\CPS511 Computer Graphics\Assignment 2\Assignment2\Assignment2\main.cpp(775,16): warning C4244: 'argument': conversion from 'GLdouble' to 'GLfloat', possible loss of data
C:\Users\Anthony\Desktop\Ryerson Semester 5\CPS511 Computer Graphics\Assignment 2\Assignment2\Assignment2\main.cpp(791,21): warning C4805: '==': unsafe mix of type 'boolean' and type 'bool' in operation
C:\Users\Anthony\Desktop\Ryerson Semester 5\CPS511 Computer Graphics\Assignment 2\Assignment2\Assignment2\main.cpp(803,50): warning C4244: 'argument': conversion from 'GLdouble' to 'GLfloat', possible loss of data
C:\Users\Anthony\Desktop\Ryerson Semester 5\CPS511 Computer Graphics\Assignment 2\Assignment2\Assignment2\main.cpp(803,37): warning C4244: 'argument': conversion from 'GLdouble' to 'GLfloat', possible loss of data
C:\Users\Anthony\Desktop\Ryerson Semester 5\CPS511 Computer Graphics\Assignment 2\Assignment2\Assignment2\main.cpp(803,24): warning C4244: 'argument': conversion from 'GLdouble' to 'GLfloat', possible loss of data
C:\Users\Anthony\Desktop\Ryerson Semester 5\CPS511 Computer Graphics\Assignment 2\Assignment2\Assignment2\main.cpp(804,29): warning C4244: 'argument': conversion from 'GLdouble' to 'GLfloat', possible loss of data
C:\Users\Anthony\Desktop\Ryerson Semester 5\CPS511 Computer Graphics\Assignment 2\Assignment2\Assignment2\main.cpp(804,23): warning C4244: 'argument': conversion from 'GLdouble' to 'GLfloat', possible loss of data
C:\Users\Anthony\Desktop\Ryerson Semester 5\CPS511 Computer Graphics\Assignment 2\Assignment2\Assignment2\main.cpp(804,17): warning C4244: 'argument': conversion from 'GLdouble' to 'GLfloat', possible loss of data
C:\Users\Anthony\Desktop\Ryerson Semester 5\CPS511 Computer Graphics\Assignment 2\Assignment2\Assignment2\main.cpp(806,50): warning C4244: 'argument': conversion from 'GLdouble' to 'GLfloat', possible loss of data
C:\Users\Anthony\Desktop\Ryerson Semester 5\CPS511 Computer Graphics\Assignment 2\Assignment2\Assignment2\main.cpp(806,37): warning C4244: 'argument': conversion from 'GLdouble' to 'GLfloat', possible loss of data
C:\Users\Anthony\Desktop\Ryerson Semester 5\CPS511 Computer Graphics\Assignment 2\Assignment2\Assignment2\main.cpp(806,24): warning C4244: 'argument': conversion from 'GLdouble' to 'GLfloat', possible loss of data
C:\Users\Anthony\Desktop\Ryerson Semester 5\CPS511 Computer Graphics\Assignment 2\Assignment2\Assignment2\main.cpp(807,29): warning C4244: 'argument': conversion from 'GLdouble' to 'GLfloat', possible loss of data
C:\Users\Anthony\Desktop\Ryerson Semester 5\CPS511 Computer Graphics\Assignment 2\Assignment2\Assignment2\main.cpp(807,23): warning C4244: 'argument': conversion from 'GLdouble' to 'GLfloat', possible loss of data
C:\Users\Anthony\Desktop\Ryerson Semester 5\CPS511 Computer Graphics\Assignment 2\Assignment2\Assignment2\main.cpp(807,17): warning C4244: 'argument': conversion from 'GLdouble' to 'GLfloat', possible loss of data
C:\Users\Anthony\Desktop\Ryerson Semester 5\CPS511 Computer Graphics\Assignment 2\Assignment2\Assignment2\main.cpp(809,50): warning C4244: 'argument': conversion from 'GLdouble' to 'GLfloat', possible loss of data
C:\Users\Anthony\Desktop\Ryerson Semester 5\CPS511 Computer Graphics\Assignment 2\Assignment2\Assignment2\main.cpp(809,37): warning C4244: 'argument': conversion from 'GLdouble' to 'GLfloat', possible loss of data
C:\Users\Anthony\Desktop\Ryerson Semester 5\CPS511 Computer Graphics\Assignment 2\Assignment2\Assignment2\main.cpp(809,24): warning C4244: 'argument': conversion from 'GLdouble' to 'GLfloat', possible loss of data
C:\Users\Anthony\Desktop\Ryerson Semester 5\CPS511 Computer Graphics\Assignment 2\Assignment2\Assignment2\main.cpp(810,29): warning C4244: 'argument': conversion from 'GLdouble' to 'GLfloat', possible loss of data
C:\Users\Anthony\Desktop\Ryerson Semester 5\CPS511 Computer Graphics\Assignment 2\Assignment2\Assignment2\main.cpp(810,23): warning C4244: 'argument': conversion from 'GLdouble' to 'GLfloat', possible loss of data
C:\Users\Anthony\Desktop\Ryerson Semester 5\CPS511 Computer Graphics\Assignment 2\Assignment2\Assignment2\main.cpp(810,17): warning C4244: 'argument': conversion from 'GLdouble' to 'GLfloat', possible loss of data
C:\Users\Anthony\Desktop\Ryerson Semester 5\CPS511 Computer Graphics\Assignment 2\Assignment2\Assignment2\main.cpp(812,50): warning C4244: 'argument': conversion from 'GLdouble' to 'GLfloat', possible loss of data
C:\Users\Anthony\Desktop\Ryerson Semester 5\CPS511 Computer Graphics\Assignment 2\Assignment2\Assignment2\main.cpp(812,37): warning C4244: 'argument': conversion from 'GLdouble' to 'GLfloat', possible loss of data
C:\Users\Anthony\Desktop\Ryerson Semester 5\CPS511 Computer Graphics\Assignment 2\Assignment2\Assignment2\main.cpp(812,24): warning C4244: 'argument': conversion from 'GLdouble' to 'GLfloat', possible loss of data
C:\Users\Anthony\Desktop\Ryerson Semester 5\CPS511 Computer Graphics\Assignment 2\Assignment2\Assignment2\main.cpp(813,29): warning C4244: 'argument': conversion from 'GLdouble' to 'GLfloat', possible loss of data
C:\Users\Anthony\Desktop\Ryerson Semester 5\CPS511 Computer Graphics\Assignment 2\Assignment2\Assignment2\main.cpp(813,23): warning C4244: 'argument': conversion from 'GLdouble' to 'GLfloat', possible loss of data
C:\Users\Anthony\Desktop\Ryerson Semester 5\CPS511 Computer Graphics\Assignment 2\Assignment2\Assignment2\main.cpp(813,17): warning C4244: 'argument': conversion from 'GLdouble' to 'GLfloat', possible loss of data
C:\Users\Anthony\Desktop\Ryerson Semester 5\CPS511 Computer Graphics\Assignment 2\Assignment2\Assignment2\main.cpp(836,78): warning C4244: 'argument': conversion from 'double' to 'GLfloat', possible loss of data
C:\Users\Anthony\Desktop\Ryerson Semester 5\CPS511 Computer Graphics\Assignment 2\Assignment2\Assignment2\main.cpp(836,74): warning C4244: 'argument': conversion from 'GLdouble' to 'GLfloat', possible loss of data
C:\Users\Anthony\Desktop\Ryerson Semester 5\CPS511 Computer Graphics\Assignment 2\Assignment2\Assignment2\main.cpp(836,42): warning C4244: 'argument': conversion from 'GLdouble' to 'GLfloat', possible loss of data
C:\Users\Anthony\Desktop\Ryerson Semester 5\CPS511 Computer Graphics\Assignment 2\Assignment2\Assignment2\main.cpp(849,37): warning C4244: 'argument': conversion from 'double' to 'GLfloat', possible loss of data
C:\Users\Anthony\Desktop\Ryerson Semester 5\CPS511 Computer Graphics\Assignment 2\Assignment2\Assignment2\main.cpp(849,24): warning C4244: 'argument': conversion from 'double' to 'GLfloat', possible loss of data
C:\Users\Anthony\Desktop\Ryerson Semester 5\CPS511 Computer Graphics\Assignment 2\Assignment2\Assignment2\main.cpp(849,11): warning C4244: 'argument': conversion from 'double' to 'GLfloat', possible loss of data
C:\Users\Anthony\Desktop\Ryerson Semester 5\CPS511 Computer Graphics\Assignment 2\Assignment2\Assignment2\main.cpp(858,12): warning C4244: 'argument': conversion from 'double' to 'GLfloat', possible loss of data
C:\Users\Anthony\Desktop\Ryerson Semester 5\CPS511 Computer Graphics\Assignment 2\Assignment2\Assignment2\main.cpp(859,12): warning C4244: 'argument': conversion from 'double' to 'GLfloat', possible loss of data
  Assignment2.vcxproj -> C:\Users\Anthony\Desktop\Ryerson Semester 5\CPS511 Computer Graphics\Assignment 2\Assignment2\x64\Debug\Assignment2.exe
  The system cannot find the file specified.
C:\Program Files (x86)\Microsoft Visual Studio\2019\Community\MSBuild\Microsoft\VC\v160\Microsoft.CppCommon.targets(153,5): error MSB3073: The command "copy C:\Users\Anthony\Desktop\Ryerson Semester 5\CPS511 Computer Graphics\Assignment 2\Assignment2\Dependencies\freeglut\bin\x64\freeglut.dll C:\Users\Anthony\Desktop\Ryerson Semester 5\CPS511 Computer Graphics\Assignment 2\Assignment2\x64\Debug\
C:\Program Files (x86)\Microsoft Visual Studio\2019\Community\MSBuild\Microsoft\VC\v160\Microsoft.CppCommon.targets(153,5): error MSB3073: :VCEnd" exited with code 1.
